<?xml version="1.0" encoding="UTF-8"?>
<!-- Generated by org.testng.reporters.JUnitXMLReporter -->
<testsuite hostname="apples-MacBook-Air-3.local" name="Default test" tests="4" failures="0" timestamp="16 Mar 2017 12:07:47 GMT" time="24.667" errors="0">
  <testcase name="verifyLaunch" time="0.006" classname="com.sml.testcases.VerifySendFeedBackLaunch"/>
  <testcase name="verifyFeedBackLaunch" time="6.277" classname="com.sml.testcases.VerifySendFeedBackLaunch"/>
  <testcase name="verifySendInvalidFeedback" time="0.512" classname="com.sml.testcases.VerifySendFeedBackLaunch"/>
  <testcase name="verifySendFeedBack" time="17.786" classname="com.sml.testcases.VerifySendFeedBackLaunch"/>
</testsuite> <!-- Default test -->
