<?xml version="1.0" encoding="UTF-8"?>
<!-- Generated by org.testng.reporters.JUnitXMLReporter -->
<testsuite hostname="apples-MacBook-Air-3.local" name="VerifyRegistration" tests="2" failures="1" timestamp="10 Mar 2017 07:08:37 GMT" time="33.58" errors="0">
  <testcase name="@AfterTest afterTest" time="0.0" classname="com.sml.testcases.VerifyRegistration">
    <failure type="org.openqa.selenium.NoSuchElementException" message="An element could not be located on the page using the given search parameters. (WARNING: The server did not provide any stacktrace information)
Command duration or timeout: 30.29 seconds
For documentation on this error, please visit: http://seleniumhq.org/exceptions/no_such_element.html
Build info: version: &amp;apos;unknown&amp;apos;, revision: &amp;apos;1969d75&amp;apos;, time: &amp;apos;2016-10-18 09:43:45 -0700&amp;apos;
System info: host: &amp;apos;apples-MacBook-Air-3.local&amp;apos;, ip: &amp;apos;192.168.2.99&amp;apos;, os.name: &amp;apos;Mac OS X&amp;apos;, os.arch: &amp;apos;x86_64&amp;apos;, os.version: &amp;apos;10.11.6&amp;apos;, java.version: &amp;apos;1.8.0_91&amp;apos;
Driver info: io.appium.java_client.android.AndroidDriver
Capabilities [{app=/Users/builduser/Documents/workspace/SMLAndroid/Files/app-release.apk, appPackage=com.medpresso.android.ui, networkConnectionEnabled=true, noReset=true, warnings={}, databaseEnabled=false, deviceName=ZY2232T4PJ, version=5.1.1, platform=LINUX, deviceUDID=ZY2232T4PJ, appActivity=com.medpresso.android.ui.HomeActivity, desired={app=/Users/builduser/Documents/workspace/SMLAndroid/Files/app-release.apk, appPackage=com.medpresso.android.ui, appActivity=com.medpresso.android.ui.HomeActivity, noReset=true, platformVersion=5.1, automationName=Appium, browserName=Android, udid=ZY2232T4PJ, platformName=Android, deviceName=Moto G (4), version=5.1.1}, platformVersion=5.1.1, webStorageEnabled=false, locationContextEnabled=false, automationName=Appium, takesScreenshot=true, browserName=Android, javascriptEnabled=true, udid=ZY2232T4PJ, platformName=Android}]
Session ID: 824eaf8d-5b03-4112-82f5-8989c10aa261
*** Element info: {Using=id, value=Continue}">
      <![CDATA[org.openqa.selenium.NoSuchElementException: An element could not be located on the page using the given search parameters. (WARNING: The server did not provide any stacktrace information)
Command duration or timeout: 30.29 seconds
For documentation on this error, please visit: http://seleniumhq.org/exceptions/no_such_element.html
Build info: version: 'unknown', revision: '1969d75', time: '2016-10-18 09:43:45 -0700'
System info: host: 'apples-MacBook-Air-3.local', ip: '192.168.2.99', os.name: 'Mac OS X', os.arch: 'x86_64', os.version: '10.11.6', java.version: '1.8.0_91'
Driver info: io.appium.java_client.android.AndroidDriver
Capabilities [{app=/Users/builduser/Documents/workspace/SMLAndroid/Files/app-release.apk, appPackage=com.medpresso.android.ui, networkConnectionEnabled=true, noReset=true, warnings={}, databaseEnabled=false, deviceName=ZY2232T4PJ, version=5.1.1, platform=LINUX, deviceUDID=ZY2232T4PJ, appActivity=com.medpresso.android.ui.HomeActivity, desired={app=/Users/builduser/Documents/workspace/SMLAndroid/Files/app-release.apk, appPackage=com.medpresso.android.ui, appActivity=com.medpresso.android.ui.HomeActivity, noReset=true, platformVersion=5.1, automationName=Appium, browserName=Android, udid=ZY2232T4PJ, platformName=Android, deviceName=Moto G (4), version=5.1.1}, platformVersion=5.1.1, webStorageEnabled=false, locationContextEnabled=false, automationName=Appium, takesScreenshot=true, browserName=Android, javascriptEnabled=true, udid=ZY2232T4PJ, platformName=Android}]
Session ID: 824eaf8d-5b03-4112-82f5-8989c10aa261
*** Element info: {Using=id, value=Continue}
	at org.openqa.selenium.remote.ErrorHandler.createThrowable(ErrorHandler.java:216)
	at org.openqa.selenium.remote.ErrorHandler.throwIfResponseFailed(ErrorHandler.java:168)
	at org.openqa.selenium.remote.RemoteWebDriver.execute(RemoteWebDriver.java:635)
	at io.appium.java_client.DefaultGenericMobileDriver.execute(DefaultGenericMobileDriver.java:42)
	at io.appium.java_client.AppiumDriver.execute(AppiumDriver.java:1)
	at io.appium.java_client.android.AndroidDriver.execute(AndroidDriver.java:1)
	at org.openqa.selenium.remote.RemoteWebDriver.findElement(RemoteWebDriver.java:368)
	at io.appium.java_client.DefaultGenericMobileDriver.findElement(DefaultGenericMobileDriver.java:62)
	at io.appium.java_client.AppiumDriver.findElement(AppiumDriver.java:1)
	at io.appium.java_client.android.AndroidDriver.findElement(AndroidDriver.java:1)
	at org.openqa.selenium.remote.RemoteWebDriver.findElementById(RemoteWebDriver.java:417)
	at io.appium.java_client.DefaultGenericMobileDriver.findElementById(DefaultGenericMobileDriver.java:70)
	at io.appium.java_client.AppiumDriver.findElementById(AppiumDriver.java:1)
	at io.appium.java_client.android.AndroidDriver.findElementById(AndroidDriver.java:1)
	at org.openqa.selenium.By$ById.findElement(By.java:218)
	at org.openqa.selenium.remote.RemoteWebDriver.findElement(RemoteWebDriver.java:360)
	at io.appium.java_client.DefaultGenericMobileDriver.findElement(DefaultGenericMobileDriver.java:58)
	at io.appium.java_client.AppiumDriver.findElement(AppiumDriver.java:1)
	at io.appium.java_client.android.AndroidDriver.findElement(AndroidDriver.java:1)
	at com.sml.classes.Registration.clickOnContinueButton(Registration.java:124)
	at com.sml.testcases.VerifyRegistration.afterTest(VerifyRegistration.java:34)
... Removed 27 stack frames]]>
    </failure>
  </testcase> <!-- @AfterTest afterTest -->
  <testcase name="verifyLaunch" time="0.006" classname="com.sml.testcases.VerifyRegistration"/>
  <testcase name="verifyRegistration" time="3.122" classname="com.sml.testcases.VerifyRegistration">
    <failure type="org.openqa.selenium.InvalidSelectorException" message="Locator Strategy &amp;apos;name&amp;apos; is not supported for this session (WARNING: The server did not provide any stacktrace information)
Command duration or timeout: 25 milliseconds
For documentation on this error, please visit: http://seleniumhq.org/exceptions/invalid_selector_exception.html
Build info: version: &amp;apos;unknown&amp;apos;, revision: &amp;apos;1969d75&amp;apos;, time: &amp;apos;2016-10-18 09:43:45 -0700&amp;apos;
System info: host: &amp;apos;apples-MacBook-Air-3.local&amp;apos;, ip: &amp;apos;192.168.2.99&amp;apos;, os.name: &amp;apos;Mac OS X&amp;apos;, os.arch: &amp;apos;x86_64&amp;apos;, os.version: &amp;apos;10.11.6&amp;apos;, java.version: &amp;apos;1.8.0_91&amp;apos;
Driver info: io.appium.java_client.android.AndroidDriver
Capabilities [{app=/Users/builduser/Documents/workspace/SMLAndroid/Files/app-release.apk, appPackage=com.medpresso.android.ui, networkConnectionEnabled=true, noReset=true, warnings={}, databaseEnabled=false, deviceName=ZY2232T4PJ, version=5.1.1, platform=LINUX, deviceUDID=ZY2232T4PJ, appActivity=com.medpresso.android.ui.HomeActivity, desired={app=/Users/builduser/Documents/workspace/SMLAndroid/Files/app-release.apk, appPackage=com.medpresso.android.ui, appActivity=com.medpresso.android.ui.HomeActivity, noReset=true, platformVersion=5.1, automationName=Appium, browserName=Android, udid=ZY2232T4PJ, platformName=Android, deviceName=Moto G (4), version=5.1.1}, platformVersion=5.1.1, webStorageEnabled=false, locationContextEnabled=false, automationName=Appium, takesScreenshot=true, browserName=Android, javascriptEnabled=true, udid=ZY2232T4PJ, platformName=Android}]
Session ID: 824eaf8d-5b03-4112-82f5-8989c10aa261
*** Element info: {Using=name, value=First Name Required}">
      <![CDATA[org.openqa.selenium.InvalidSelectorException: Locator Strategy 'name' is not supported for this session (WARNING: The server did not provide any stacktrace information)
Command duration or timeout: 25 milliseconds
For documentation on this error, please visit: http://seleniumhq.org/exceptions/invalid_selector_exception.html
Build info: version: 'unknown', revision: '1969d75', time: '2016-10-18 09:43:45 -0700'
System info: host: 'apples-MacBook-Air-3.local', ip: '192.168.2.99', os.name: 'Mac OS X', os.arch: 'x86_64', os.version: '10.11.6', java.version: '1.8.0_91'
Driver info: io.appium.java_client.android.AndroidDriver
Capabilities [{app=/Users/builduser/Documents/workspace/SMLAndroid/Files/app-release.apk, appPackage=com.medpresso.android.ui, networkConnectionEnabled=true, noReset=true, warnings={}, databaseEnabled=false, deviceName=ZY2232T4PJ, version=5.1.1, platform=LINUX, deviceUDID=ZY2232T4PJ, appActivity=com.medpresso.android.ui.HomeActivity, desired={app=/Users/builduser/Documents/workspace/SMLAndroid/Files/app-release.apk, appPackage=com.medpresso.android.ui, appActivity=com.medpresso.android.ui.HomeActivity, noReset=true, platformVersion=5.1, automationName=Appium, browserName=Android, udid=ZY2232T4PJ, platformName=Android, deviceName=Moto G (4), version=5.1.1}, platformVersion=5.1.1, webStorageEnabled=false, locationContextEnabled=false, automationName=Appium, takesScreenshot=true, browserName=Android, javascriptEnabled=true, udid=ZY2232T4PJ, platformName=Android}]
Session ID: 824eaf8d-5b03-4112-82f5-8989c10aa261
*** Element info: {Using=name, value=First Name Required}
	at org.openqa.selenium.remote.ErrorHandler.createThrowable(ErrorHandler.java:216)
	at org.openqa.selenium.remote.ErrorHandler.throwIfResponseFailed(ErrorHandler.java:168)
	at org.openqa.selenium.remote.RemoteWebDriver.execute(RemoteWebDriver.java:635)
	at io.appium.java_client.DefaultGenericMobileDriver.execute(DefaultGenericMobileDriver.java:42)
	at io.appium.java_client.AppiumDriver.execute(AppiumDriver.java:1)
	at io.appium.java_client.android.AndroidDriver.execute(AndroidDriver.java:1)
	at org.openqa.selenium.remote.RemoteWebDriver.findElement(RemoteWebDriver.java:368)
	at io.appium.java_client.DefaultGenericMobileDriver.findElement(DefaultGenericMobileDriver.java:62)
	at io.appium.java_client.AppiumDriver.findElement(AppiumDriver.java:1)
	at io.appium.java_client.android.AndroidDriver.findElement(AndroidDriver.java:1)
	at org.openqa.selenium.remote.RemoteWebDriver.findElementByName(RemoteWebDriver.java:449)
	at io.appium.java_client.DefaultGenericMobileDriver.findElementByName(DefaultGenericMobileDriver.java:110)
	at io.appium.java_client.AppiumDriver.findElementByName(AppiumDriver.java:1)
	at io.appium.java_client.android.AndroidDriver.findElementByName(AndroidDriver.java:1)
	at org.openqa.selenium.By$ByName.findElement(By.java:303)
	at org.openqa.selenium.remote.RemoteWebDriver.findElement(RemoteWebDriver.java:360)
	at io.appium.java_client.DefaultGenericMobileDriver.findElement(DefaultGenericMobileDriver.java:58)
	at io.appium.java_client.AppiumDriver.findElement(AppiumDriver.java:1)
	at io.appium.java_client.android.AndroidDriver.findElement(AndroidDriver.java:1)
	at com.sml.classes.Registration.enterRegistrationDetails(Registration.java:43)
	at com.sml.testcases.VerifyRegistration.verifyRegistration(VerifyRegistration.java:20)
... Removed 29 stack frames]]>
    </failure>
  </testcase> <!-- verifyRegistration -->
</testsuite> <!-- VerifyRegistration -->
