<?xml version="1.0" encoding="UTF-8"?>
<!-- Generated by org.testng.reporters.JUnitXMLReporter -->
<testsuite hostname="apples-MacBook-Air-3.local" name="VerifyMyProfileScenario" tests="1" failures="0" timestamp="16 Mar 2017 14:30:40 GMT" time="0.072" errors="0">
  <testcase name="@BeforeTest beforeMyProfile" time="0.0" classname="com.sml.testcases.VerifyMyProfileScenario">
    <failure type="junit.framework.ComparisonFailure" message="expected:&amp;lt;[Setting]s&amp;gt; but was:&amp;lt;[Add Resource]s&amp;gt;">
      <![CDATA[junit.framework.ComparisonFailure: expected:<[Setting]s> but was:<[Add Resource]s>
	at junit.framework.Assert.assertEquals(Assert.java:100)
	at junit.framework.Assert.assertEquals(Assert.java:107)
	at com.sml.classes.SettingsPage.verifySettingsLaunch(SettingsPage.java:30)
	at com.sml.testcases.VerifyMyProfileScenario.beforeMyProfile(VerifyMyProfileScenario.java:20)
... Removed 23 stack frames]]>
    </failure>
  </testcase> <!-- @BeforeTest beforeMyProfile -->
  <testcase name="@AfterTest afterMyProfile" time="0.0" classname="com.sml.testcases.VerifyMyProfileScenario">
    <skipped/>
  </testcase> <!-- @AfterTest afterMyProfile -->
  <testcase name="verifyMyProfileLaunch" time="0.002" classname="com.sml.testcases.VerifyMyProfileScenario">
    <skipped/>
  </testcase> <!-- verifyMyProfileLaunch -->
</testsuite> <!-- VerifyMyProfileScenario -->
