<?xml version="1.0" encoding="UTF-8"?>
<!-- Generated by org.testng.reporters.JUnitXMLReporter -->
<testsuite hostname="apples-MacBook-Air-3.local" name="VerifyLaunchRegistration" tests="2" failures="0" timestamp="16 Mar 2017 14:26:17 GMT" time="4.27" errors="0">
  <testcase name="verifyLaunch" time="0.001" classname="com.sml.testcases.VerifyLaunchRegistrationPage"/>
  <testcase name="verifyLaunchRegistrationPage" time="3.972" classname="com.sml.testcases.VerifyLaunchRegistrationPage"/>
</testsuite> <!-- VerifyLaunchRegistration -->
