<?xml version="1.0" encoding="UTF-8"?>
<!-- Generated by org.testng.reporters.JUnitXMLReporter -->
<testsuite hostname="apples-MacBook-Air-3.local" name="VerifySettingsAddResourcesScenarios" tests="1" failures="1" timestamp="16 Mar 2017 14:30:40 GMT" time="40.183" errors="0">
  <testcase name="@AfterTest afterTest" time="0.0" classname="com.sml.testcases.VerifySettingsAddResourcesScenarios">
    <failure type="junit.framework.ComparisonFailure" message="expected:&amp;lt;[Setting]s&amp;gt; but was:&amp;lt;[Add Resource]s&amp;gt;">
      <![CDATA[junit.framework.ComparisonFailure: expected:<[Setting]s> but was:<[Add Resource]s>
	at junit.framework.Assert.assertEquals(Assert.java:100)
	at junit.framework.Assert.assertEquals(Assert.java:107)
	at com.sml.classes.SettingsPage.verifySettingsLaunch(SettingsPage.java:30)
	at com.sml.testcases.VerifySettingsAddResourcesScenarios.afterTest(VerifySettingsAddResourcesScenarios.java:26)
... Removed 23 stack frames]]>
    </failure>
  </testcase> <!-- @AfterTest afterTest -->
  <testcase name="verifyAddRespurcesLaunch" time="40.046" classname="com.sml.testcases.VerifySettingsAddResourcesScenarios">
    <failure type="junit.framework.AssertionFailedError" message="expected:&amp;lt;5&amp;gt; but was:&amp;lt;65&amp;gt;">
      <![CDATA[junit.framework.AssertionFailedError: expected:<5> but was:<65>
	at junit.framework.Assert.fail(Assert.java:57)
	at junit.framework.Assert.failNotEquals(Assert.java:329)
	at junit.framework.Assert.assertEquals(Assert.java:78)
	at junit.framework.Assert.assertEquals(Assert.java:86)
	at com.sml.classes.SettingsPage.countNumberOfResources(SettingsPage.java:105)
	at com.sml.testcases.VerifySettingsAddResourcesScenarios.verifyAddRespurcesLaunch(VerifySettingsAddResourcesScenarios.java:17)
... Removed 25 stack frames]]>
    </failure>
  </testcase> <!-- verifyAddRespurcesLaunch -->
</testsuite> <!-- VerifySettingsAddResourcesScenarios -->
