<?xml version="1.0" encoding="UTF-8"?>
<!-- Generated by org.testng.reporters.JUnitXMLReporter -->
<testsuite hostname="apples-MacBook-Air-3.local" name="VerifyRemoveResourcesLaunch" tests="1" failures="0" timestamp="16 Mar 2017 14:30:40 GMT" time="0.091" errors="0">
  <testcase name="@BeforeTest beforeSettingsRemoveResources" time="0.0" classname="com.sml.testcases.VerifyRemoveResourcesLaunch">
    <failure type="junit.framework.ComparisonFailure" message="expected:&amp;lt;[Setting]s&amp;gt; but was:&amp;lt;[Add Resource]s&amp;gt;">
      <![CDATA[junit.framework.ComparisonFailure: expected:<[Setting]s> but was:<[Add Resource]s>
	at junit.framework.Assert.assertEquals(Assert.java:100)
	at junit.framework.Assert.assertEquals(Assert.java:107)
	at com.sml.classes.SettingsPage.verifySettingsLaunch(SettingsPage.java:30)
	at com.sml.testcases.VerifyRemoveResourcesLaunch.beforeSettingsRemoveResources(VerifyRemoveResourcesLaunch.java:21)
... Removed 23 stack frames]]>
    </failure>
  </testcase> <!-- @BeforeTest beforeSettingsRemoveResources -->
  <testcase name="@AfterTest afterSettingsRemoveResources" time="0.0" classname="com.sml.testcases.VerifyRemoveResourcesLaunch">
    <skipped/>
  </testcase> <!-- @AfterTest afterSettingsRemoveResources -->
  <testcase name="verifyRemoveResourcesLaunch" time="0.002" classname="com.sml.testcases.VerifyRemoveResourcesLaunch">
    <skipped/>
  </testcase> <!-- verifyRemoveResourcesLaunch -->
</testsuite> <!-- VerifyRemoveResourcesLaunch -->
