<?xml version="1.0" encoding="UTF-8"?>
<!-- Generated by org.testng.reporters.JUnitXMLReporter -->
<testsuite hostname="apples-MacBook-Air-3.local" name="VerifyAddResourcesScenarios" tests="5" failures="0" timestamp="16 Mar 2017 14:29:51 GMT" time="125.076" errors="0">
  <testcase name="verifyDeSelectEnable" time="0.101" classname="com.sml.testcases.VerifyAddResourcesScenarios"/>
  <testcase name="verifyInstalButtonDisabled" time="0.749" classname="com.sml.testcases.VerifyAddResourcesScenarios"/>
  <testcase name="verifySelectAllEnable" time="0.059" classname="com.sml.testcases.VerifyAddResourcesScenarios"/>
  <testcase name="verifyInstallButtonEnabled" time="0.805" classname="com.sml.testcases.VerifyAddResourcesScenarios"/>
  <testcase name="installResource" time="120.268" classname="com.sml.testcases.VerifyAddResourcesScenarios"/>
</testsuite> <!-- VerifyAddResourcesScenarios -->
