<?xml version="1.0" encoding="UTF-8"?>
<!-- Generated by org.testng.reporters.JUnitXMLReporter -->
<testsuite hostname="apples-MacBook-Air-3.local" name="VerifySignIn" tests="4" failures="0" timestamp="16 Mar 2017 14:27:45 GMT" time="86.928" errors="0">
  <testcase name="verifyInvalidSignInProcess" time="16.299" classname="com.sml.testcases.VerifySignIn"/>
  <testcase name="verifyInvalidSignInProcess" time="17.167" classname="com.sml.testcases.VerifySignIn"/>
  <testcase name="verifyInvalidSignInProcess" time="19.248" classname="com.sml.testcases.VerifySignIn"/>
  <testcase name="verifyValidSignIn" time="31.121" classname="com.sml.testcases.VerifySignIn"/>
</testsuite> <!-- VerifySignIn -->
